{
  "RSpec": {
    "coverage": {
      "/home/prajwal/workspace/spark.io/app/helpers/application_helper.rb": {
        "lines": [
          1,
          null
        ]
      },
      "/home/prajwal/workspace/spark.io/app/helpers/sessions_helper.rb": {
        "lines": [
          1,
          null
        ]
      },
      "/home/prajwal/workspace/spark.io/app/helpers/users_helper.rb": {
        "lines": [
          1,
          null
        ]
      },
      "/home/prajwal/workspace/spark.io/app/models/blog.rb": {
        "lines": [
          1,
          null,
          1,
          1,
          null,
          null,
          null,
          1,
          1,
          1,
          null,
          null,
          null,
          1,
          2,
          null,
          null
        ]
      },
      "/home/prajwal/workspace/spark.io/app/models/application_record.rb": {
        "lines": [
          1,
          1,
          null
        ]
      },
      "/home/prajwal/workspace/spark.io/app/controllers/admin_controller.rb": {
        "lines": [
          1,
          1,
          1,
          1,
          1,
          1,
          null,
          1,
          1,
          null,
          1,
          1,
          1,
          1,
          1,
          1,
          1,
          1,
          1,
          null,
          null,
          1,
          1,
          1,
          null,
          1,
          1,
          1,
          1,
          null,
          null,
          1,
          1,
          null,
          1,
          1,
          2,
          null,
          null,
          null,
          1,
          null,
          null,
          1,
          null,
          null,
          1,
          2,
          null,
          2,
          1,
          null,
          1,
          1,
          null,
          null,
          null,
          1,
          1,
          null,
          1,
          1,
          1,
          null,
          null,
          1,
          1,
          null,
          1,
          1,
          2,
          null,
          null,
          null,
          1,
          null,
          null,
          1,
          0,
          null,
          null,
          1,
          2,
          null,
          2,
          1,
          null,
          1,
          1,
          null,
          null,
          null,
          1,
          null,
          null,
          1,
          2,
          null,
          2,
          1,
          null,
          1,
          1,
          null,
          null,
          null,
          1,
          1,
          1,
          null,
          null,
          1,
          null,
          1,
          4,
          null,
          4,
          3,
          null,
          1,
          null,
          null,
          null,
          1,
          4,
          null,
          4,
          3,
          null,
          1,
          null,
          null,
          null,
          1,
          2,
          null,
          null,
          1,
          4,
          null,
          null,
          1,
          15,
          1,
          null,
          null,
          null
        ]
      },
      "/home/prajwal/workspace/spark.io/app/controllers/application_controller.rb": {
        "lines": [
          1,
          1,
          null,
          null,
          1,
          1,
          null,
          null,
          1,
          null,
          1,
          47,
          null,
          47,
          33,
          null,
          null,
          null,
          null,
          14,
          null,
          null,
          null,
          1,
          46,
          null,
          null,
          1,
          10,
          null,
          null
        ]
      },
      "/home/prajwal/workspace/spark.io/app/services/admin_service.rb": {
        "lines": [
          1,
          null,
          1,
          1,
          null,
          1,
          1,
          1,
          1,
          null,
          null,
          1,
          null,
          null,
          1,
          13,
          null,
          13,
          null,
          null,
          null,
          null,
          1,
          13,
          null,
          13,
          null,
          null,
          null,
          null,
          null,
          1,
          1,
          null,
          null,
          1,
          null,
          null,
          null,
          null,
          null,
          null,
          null,
          null,
          null,
          null,
          null,
          1,
          4,
          null,
          1,
          null,
          1,
          null,
          1,
          null,
          1,
          null,
          null,
          4,
          496,
          null,
          496,
          null,
          null,
          null,
          null,
          null,
          null,
          null,
          4,
          null,
          null,
          null,
          null,
          null,
          null,
          null,
          null,
          null,
          null,
          null,
          null,
          null,
          null,
          null,
          null,
          null,
          null,
          null,
          null,
          4,
          null,
          null,
          null,
          null,
          null,
          null,
          null,
          null,
          null,
          null,
          null,
          null,
          null,
          null,
          4,
          null,
          null,
          null,
          null,
          null,
          null,
          1,
          8,
          null,
          null,
          8,
          8,
          8,
          8,
          null,
          8,
          null,
          1,
          null,
          1,
          null,
          1,
          null,
          1,
          null,
          null,
          8,
          1,
          null,
          null,
          8,
          null,
          null,
          1,
          7,
          null,
          null,
          7,
          7,
          7,
          null,
          7,
          null,
          1,
          null,
          1,
          null,
          1,
          null,
          1,
          null,
          null,
          null,
          7,
          1,
          null,
          null,
          7,
          null,
          null,
          1,
          null,
          6,
          4,
          null,
          2,
          null,
          null,
          null,
          1,
          null,
          5,
          4,
          null,
          1,
          null,
          null,
          null,
          1,
          2,
          1,
          null,
          1,
          null,
          null,
          null,
          1,
          2,
          2,
          null,
          2,
          1,
          null,
          1,
          null,
          null,
          null,
          1,
          2,
          1,
          null,
          1,
          null,
          null,
          null,
          1,
          1,
          1,
          null,
          null,
          1,
          1,
          1,
          1,
          null,
          null,
          1,
          null,
          null,
          null,
          null,
          null,
          1,
          2,
          null,
          null,
          1,
          1,
          null,
          1,
          1,
          null,
          1,
          5,
          null,
          null,
          null,
          null,
          null,
          null,
          null,
          null,
          null,
          null,
          1,
          1,
          null,
          1,
          1,
          null,
          1,
          3,
          null,
          null,
          null,
          null,
          null,
          null,
          null,
          null,
          null,
          null,
          null
        ]
      },
      "/home/prajwal/workspace/spark.io/app/services/blogs_service.rb": {
        "lines": [
          1,
          1,
          2,
          null,
          null,
          1,
          null,
          2,
          1,
          1,
          null,
          1,
          null,
          null,
          null,
          1,
          4,
          null,
          4,
          2,
          null,
          2,
          null,
          null,
          null,
          1,
          4,
          2,
          null,
          2,
          null,
          null,
          null,
          1,
          2,
          2,
          null,
          null,
          1,
          7,
          null,
          null,
          1,
          null,
          9,
          7,
          null,
          2,
          null,
          null,
          null
        ]
      },
      "/home/prajwal/workspace/spark.io/app/models/user.rb": {
        "lines": [
          1,
          1,
          null,
          null,
          1,
          1,
          1,
          1,
          null,
          1,
          5,
          null,
          null,
          null,
          null,
          null,
          null,
          null,
          1,
          1,
          1,
          null,
          null,
          1,
          1,
          null,
          null,
          1,
          1,
          null,
          null,
          1,
          1,
          null,
          null
        ]
      },
      "/home/prajwal/workspace/spark.io/app/models/like.rb": {
        "lines": [
          1,
          null,
          1,
          1,
          null,
          null,
          1,
          1,
          null
        ]
      },
      "/home/prajwal/workspace/spark.io/app/models/comment.rb": {
        "lines": [
          1,
          null,
          1,
          null,
          null,
          null,
          null,
          1,
          1,
          null,
          null,
          null
        ]
      },
      "/home/prajwal/workspace/spark.io/app/controllers/blogs_controller.rb": {
        "lines": [
          1,
          1,
          1,
          1,
          null,
          1,
          1,
          1,
          null,
          null,
          1,
          1,
          1,
          1,
          null,
          null,
          1,
          1,
          null,
          null,
          1,
          2,
          2,
          null,
          2,
          1,
          null,
          1,
          null,
          null,
          null,
          1,
          null,
          null,
          1,
          2,
          2,
          null,
          2,
          1,
          null,
          1,
          null,
          null,
          null,
          1,
          1,
          1,
          null,
          null,
          1,
          null,
          1,
          4,
          null,
          null,
          1,
          7,
          null,
          7,
          6,
          null,
          1,
          null,
          null,
          null,
          1,
          5,
          2,
          null,
          null,
          null
        ]
      },
      "/home/prajwal/workspace/spark.io/app/controllers/comments_controller.rb": {
        "lines": [
          1,
          1,
          null,
          1,
          null,
          3,
          2,
          2,
          null,
          2,
          null,
          1,
          null,
          1,
          null,
          null,
          null,
          1,
          null,
          null,
          null,
          1,
          null,
          1,
          2,
          null,
          null
        ]
      },
      "/home/prajwal/workspace/spark.io/app/controllers/likes_controller.rb": {
        "lines": [
          1,
          1,
          null,
          1,
          null,
          3,
          2,
          null,
          2,
          1,
          null,
          1,
          null,
          null,
          1,
          null,
          null,
          null,
          1,
          null,
          2,
          1,
          1,
          null,
          1,
          null,
          1,
          null,
          null,
          null
        ]
      },
      "/home/prajwal/workspace/spark.io/app/controllers/users_controller.rb": {
        "lines": [
          1,
          1,
          1,
          null,
          1,
          1,
          1,
          null,
          null,
          1,
          4,
          4,
          1,
          1,
          null,
          null,
          null,
          null,
          null,
          1,
          null,
          null,
          null,
          3,
          null,
          null,
          null,
          1,
          1,
          1,
          null,
          null,
          1,
          null,
          1,
          4,
          null,
          null
        ]
      },
      "/home/prajwal/workspace/spark.io/app/controllers/sessions_controller.rb": {
        "lines": [
          1,
          1,
          null,
          1,
          null,
          1,
          null,
          null,
          1,
          5,
          null,
          5,
          3,
          null,
          3,
          null,
          null,
          null,
          null,
          null,
          3,
          null,
          null,
          2,
          2,
          null,
          null,
          null,
          1,
          1,
          null,
          1,
          null,
          null
        ]
      },
      "/home/prajwal/workspace/spark.io/app/jobs/application_job.rb": {
        "lines": [
          0,
          null,
          null,
          null,
          null,
          null,
          0
        ],
        "branches": {}
      },
      "/home/prajwal/workspace/spark.io/app/mailers/application_mailer.rb": {
        "lines": [
          0,
          0,
          0,
          0
        ],
        "branches": {}
      }
    },
    "timestamp": 1742554610
  }
}
